LHAPDF 6.1.5 loading /cvmfs/cms.cern.ch/slc6_amd64_gcc493/external/lhapdf/6.1.5-kpegke3/share/LHAPDF/cteq66/cteq66_0000.dat
cteq66 PDF set, member #0, version 1; LHAPDF ID = 10550
0 btagCSV_b_pt_eta
1 btagCSV_c_pt_eta
2 btagCSV_l_pt_eta
----
{"input": {"selectedLeptonsCharge": [1], "metP4": [83.50440979003906, 0.03196755051612854], "selectedJetsBTag": [1.0, 1.0, 1.0, 1.0, 0.0, 0.0, 0.0, 0.0], "selectedJetsP4": [[283.08612060546875, -0.7548970580101013, -2.411402940750122, 42.519622802734375], [124.52299499511719, 1.1080108880996704, 0.7710016965866089, 14.880192756652832], [79.7435302734375, 0.4588252007961273, 2.817420721054077, 16.206377029418945], [67.7762222290039, 1.111440658569336, -0.6936269998550415, 8.645143508911133], [67.77507781982422, 0.542504608631134, 0.0983678326010704, 9.1334810256958], [63.12782669067383, -1.0136150121688843, 1.2679409980773926, 8.770968437194824], [58.53987503051758, -1.2782329320907593, 0.44841551780700684, 12.204205513000488], [46.87069320678711, 0.947597086429596, 2.4794013500213623, 6.606299877166748]], "selectedLeptonsP4": [[48.55838394165039, 1.2972743511199951, 2.2532639503479004, -0.03190281242132187]], "selectedJetsCSV": [0.4942592978477478, 0.15901120007038116, 0.9384369254112244, 0.7097838521003723, 0.07669196277856827, 0.11415059864521027, 0.11407367885112762, 0.09196700900793076]}, "event": {"match_btag": "1w_1h_1h", "run": 1, "blr": 0.322926761313031, "lumi": 5310, "cat": "unknown", "event": 1058435, "match": "2w_1h_2h"}, "output": {"p_tth": 0.0, "p_ttbb": 0.0, "p": 0.0, "mem_cfg": "SL_0w2h2t"}}

tthbb13 code cat=unknown
	**************** MEM output ****************
	Probability             = (3.31e-17 +/- 2.27e-18)
	Relative precision      = 6.9%
	Chi2                    = 0.727
	Final state             = 1
	Hypothesis              = 0
	Number of unreco's jets = 2
	Number of permutations  = 12
	Total number of calls   = 65610
	Maximum number of calls = 15000
	Phase-space efficiency  = 64.7%
	Error code              = 0
	Pre-fit code            = 0
	B-tag weights           = (4.8e-08, 6.94e-08, 1.57e-07)
	Job done in...............27.1 seconds
	********************************************
	**************** MEM output ****************
	Probability             = (7.24e-15 +/- 4.14e-16)
	Relative precision      = 5.7%
	Chi2                    = 1.93
	Final state             = 1
	Hypothesis              = 1
	Number of unreco's jets = 2
	Number of permutations  = 12
	Total number of calls   = 74240
	Maximum number of calls = 15000
	Phase-space efficiency  = 69%
	Error code              = 0
	Pre-fit code            = 0
	B-tag weights           = (4.8e-08, 6.94e-08, 1.57e-07)
	Job done in...............108 seconds
	********************************************
out: {"output__-1": {"p_bkg": 7.241106442009944e-15, "p_err_bkg": 4.1446817804931963e-16, "p_sig": 3.3133668707411915e-17, "p_err_sig": 2.2727627363122534e-18}}
----
{"input": {"selectedLeptonsCharge": [1], "metP4": [83.50440979003906, 0.03196755051612854], "selectedJetsBTag": [1.0, 1.0, 1.0, 1.0, 0.0, 0.0, 0.0, 0.0], "selectedJetsP4": [[283.08612060546875, -0.7548970580101013, -2.411402940750122, 42.519622802734375], [124.52299499511719, 1.1080108880996704, 0.7710016965866089, 14.880192756652832], [79.7435302734375, 0.4588252007961273, 2.817420721054077, 16.206377029418945], [67.7762222290039, 1.111440658569336, -0.6936269998550415, 8.645143508911133], [67.77507781982422, 0.542504608631134, 0.0983678326010704, 9.1334810256958], [63.12782669067383, -1.0136150121688843, 1.2679409980773926, 8.770968437194824], [58.53987503051758, -1.2782329320907593, 0.44841551780700684, 12.204205513000488], [46.87069320678711, 0.947597086429596, 2.4794013500213623, 6.606299877166748]], "selectedLeptonsP4": [[48.55838394165039, 1.2972743511199951, 2.2532639503479004, -0.03190281242132187]], "selectedJetsCSV": [0.4942592978477478, 0.15901120007038116, 0.9384369254112244, 0.7097838521003723, 0.07669196277856827, 0.11415059864521027, 0.11407367885112762, 0.09196700900793076]}, "event": {"match_btag": "1w_1h_1h", "run": 1, "blr": 0.322926761313031, "lumi": 5310, "cat": "unknown", "event": 1058435, "match": "2w_1h_2h"}, "output": {"p_tth": 0.0, "p_ttbb": 0.0, "p": 0.0, "mem_cfg": "SL_1w2h2t"}}

tthbb13 code cat=unknown
out: {"output__-1": {"p_bkg": 7.241106442009944e-15, "p_err_bkg": 4.1446817804931963e-16, "p_sig": 3.3133668707411915e-17, "p_err_sig": 2.2727627363122534e-18}}
----
{"input": {"selectedLeptonsCharge": [1], "metP4": [83.50440979003906, 0.03196755051612854], "selectedJetsBTag": [1.0, 1.0, 1.0, 1.0, 0.0, 0.0, 0.0, 0.0], "selectedJetsP4": [[283.08612060546875, -0.7548970580101013, -2.411402940750122, 42.519622802734375], [124.52299499511719, 1.1080108880996704, 0.7710016965866089, 14.880192756652832], [79.7435302734375, 0.4588252007961273, 2.817420721054077, 16.206377029418945], [67.7762222290039, 1.111440658569336, -0.6936269998550415, 8.645143508911133], [67.77507781982422, 0.542504608631134, 0.0983678326010704, 9.1334810256958], [63.12782669067383, -1.0136150121688843, 1.2679409980773926, 8.770968437194824], [58.53987503051758, -1.2782329320907593, 0.44841551780700684, 12.204205513000488], [46.87069320678711, 0.947597086429596, 2.4794013500213623, 6.606299877166748]], "selectedLeptonsP4": [[48.55838394165039, 1.2972743511199951, 2.2532639503479004, -0.03190281242132187]], "selectedJetsCSV": [0.4942592978477478, 0.15901120007038116, 0.9384369254112244, 0.7097838521003723, 0.07669196277856827, 0.11415059864521027, 0.11407367885112762, 0.09196700900793076]}, "event": {"match_btag": "1w_1h_1h", "run": 1, "blr": 0.322926761313031, "lumi": 5310, "cat": "unknown", "event": 1058435, "match": "2w_1h_2h"}, "output": {"p_tth": 0.0, "p_ttbb": 0.0, "p": 0.0, "mem_cfg": "SL_2w2h2t"}}

tthbb13 code cat=unknown
	**************** MEM output ****************
	Probability             = (2.24e-30 +/- 2.49e-32)
	Relative precision      = 1.1%
	Chi2                    = 0.219
	Final state             = 1
	Hypothesis              = 0
	Number of unreco's jets = 0
	Number of permutations  = 72
	Total number of calls   = 9375
	Maximum number of calls = 2000
	Phase-space efficiency  = 88.2%
	Error code              = 0
	Pre-fit code            = 0
	B-tag weights           = (2.64e-10, 3.81e-10, 8.64e-10)
	Job done in...............32.3 seconds
	********************************************
	**************** MEM output ****************
	Probability             = (3.32e-21 +/- 5.14e-23)
	Relative precision      = 1.6%
	Chi2                    = 9.94
	Final state             = 1
	Hypothesis              = 1
	Number of unreco's jets = 0
	Number of permutations  = 72
	Total number of calls   = 9720
	Maximum number of calls = 2000
	Phase-space efficiency  = 82.8%
	Error code              = 0
	Pre-fit code            = 0
	B-tag weights           = (2.64e-10, 3.81e-10, 8.64e-10)
	Job done in...............96.1 seconds
	********************************************
out: {"output__-1": {"p_bkg": 3.315551781697134e-21, "p_err_bkg": 5.144776580418732e-23, "p_sig": 2.2356489318265323e-30, "p_err_sig": 2.494425948885194e-32}}
----
{"input": {"selectedLeptonsCharge": [-1, 1], "metP4": [40.52170944213867, 0.27152785658836365], "selectedJetsBTag": [0.0, 1.0, 1.0, 1.0, 1.0], "selectedJetsP4": [[319.0541687011719, -1.4261418581008911, -2.1911847591400146, 48.37037658691406], [157.0994110107422, -0.5680701732635498, 1.850805401802063, 13.960481643676758], [85.51387786865234, 0.1652790904045105, 0.3151167929172516, 6.133274078369141], [42.647254943847656, -0.19433149695396423, 1.0903524160385132, 9.283367156982422], [42.50204086303711, 0.5318173170089722, 1.0302960872650146, 5.623126029968262]], "selectedLeptonsP4": [[86.89905548095703, -0.8447518944740295, -0.4056759476661682, -0.0407664030790329], [23.40468978881836, -2.276705026626587, 2.3344991207122803, 0.10570000112056732]], "selectedJetsCSV": [0.17810484766960144, 0.8133249282836914, 0.36608386039733887, 0.9983717203140259, 0.9971475601196289]}, "event": {"match_btag": "0w_2h_2h", "run": 1, "blr": 0.8440439412754254, "lumi": 5310, "cat": "dl_jge4_t3", "event": 1058449, "match": "0w_2h_2h"}, "output": {"p_tth": 0.0, "p_ttbb": 0.0, "p": 0.0, "mem_cfg": "DL_0w2h2t"}}

tthbb13 code cat=dl_jge4_t3
	**************** MEM output ****************
	Probability             = (2.38e-26 +/- 5.81e-28)
	Relative precision      = 2.4%
	Chi2                    = 5.04
	Final state             = 2
	Hypothesis              = 0
	Number of unreco's jets = 0
	Number of permutations  = 12
	Total number of calls   = 46875
	Maximum number of calls = 10000
	Phase-space efficiency  = 85.1%
	Error code              = 0
	Pre-fit code            = 0
	B-tag weights           = (1.93e-05, 7.91e-07, 1.17e-05)
	Job done in...............18.8 seconds
	********************************************
	**************** MEM output ****************
	Probability             = (1.04e-24 +/- 2.78e-26)
	Relative precision      = 2.7%
	Chi2                    = 0.393
	Final state             = 2
	Hypothesis              = 1
	Number of unreco's jets = 0
	Number of permutations  = 12
	Total number of calls   = 40960
	Maximum number of calls = 10000
	Phase-space efficiency  = 89.5%
	Error code              = 0
	Pre-fit code            = 0
	B-tag weights           = (1.93e-05, 7.91e-07, 1.17e-05)
	Job done in...............60.3 seconds
	********************************************
out: {"output__-1": {"p_bkg": 1.0400851372135282e-24, "p_err_bkg": 2.778142022653722e-26, "p_sig": 2.3833580531665598e-26, "p_err_sig": 5.805134022039119e-28}}
